TN:
SF:src\errorHandler.ts
FN:4,(anonymous_0)
FN:7,(anonymous_1)
FN:34,(anonymous_2)
FN:52,(anonymous_3)
FNF:4
FNH:4
FNDA:12,(anonymous_0)
FNDA:26,(anonymous_1)
FNDA:7,(anonymous_2)
FNDA:5,(anonymous_3)
DA:1,1
DA:4,1
DA:6,12
DA:7,2
DA:8,26
DA:10,2
DA:17,10
DA:18,4
DA:19,1
DA:21,3
DA:25,6
DA:28,1
DA:39,7
DA:40,7
DA:41,6
DA:42,6
DA:43,6
DA:44,6
DA:46,6
DA:47,6
DA:52,1
DA:59,5
DA:60,5
DA:62,5
LF:24
LH:24
BRDA:6,0,0,2
BRDA:10,1,0,2
BRDA:10,1,1,1
BRDA:17,2,0,4
BRDA:18,3,0,1
BRDA:36,4,0,2
BRDA:37,5,0,7
BRDA:46,6,0,6
BRDA:59,7,0,5
BRDA:59,7,1,3
BRDA:60,8,0,5
BRDA:60,8,1,3
BRDA:64,9,0,5
BRDA:64,9,1,3
BRDA:65,10,0,1
BRDA:65,10,1,4
BRDA:69,11,0,1
BRDA:69,11,1,4
BRDA:69,12,0,5
BRDA:69,12,1,1
BRDA:69,12,2,1
BRF:21
BRH:21
end_of_record
TN:
SF:src\statusCodes.ts
FNF:0
FNH:0
DA:2,1
LF:1
LH:1
BRF:0
BRH:0
end_of_record
